TN:
SF:/Users/jbeadle/www/hsbc/clients-hsbc-cmb-va-panel/libs/LivePersonVirtualAssistantModule.js
FN:1,(anonymous_1)
FN:70,_log
FN:77,checkIfButtonImpressionIsForVaPanel
FN:106,showTheLivePersonButtonInsideVaPanel
FN:126,getActiveButton
FN:130,chatWindowIsActive
FN:142,_triggerEvent
FN:147,_reset
FN:152,_init
FN:178,checkWindowStatus
FN:225,_handleBeforeSurveySubmitHook
FN:248,addSurveyHooks
FN:250,(anonymous_13)
FN:267,bindToChatEvents
FN:272,(anonymous_15)
FN:288,(anonymous_16)
FN:333,triggerChatButtonClick
FN:372,getCurrentCountrySelection
FN:376,isSupportedLanguage
FN:384,getCurrentLanguageSelection
FN:402,getPreChatLinesIntroTranslation
FN:411,getPreChatLinesSuffixTranslation
FN:420,getPreChatLinesIntroMessages
FN:425,getPreChatLinesSuffixMessages
FN:430,closeThankyouWindow
FN:443,checkButtonState
FN:455,agentsAreAvailable
FN:458,agentsAreBusy
FN:461,agentsAreOffline
FN:465,startChat
FN:486,_toggleClass
FN:503,_removeClass
FN:515,injectLivePersonEmbeddedButtonContainer
FN:552,getEventLog
FNF:34
FNH:26
FNDA:1,(anonymous_1)
FNDA:20,_log
FNDA:1,checkIfButtonImpressionIsForVaPanel
FNDA:1,showTheLivePersonButtonInsideVaPanel
FNDA:0,getActiveButton
FNDA:4,chatWindowIsActive
FNDA:10,_triggerEvent
FNDA:5,_reset
FNDA:4,_init
FNDA:1,checkWindowStatus
FNDA:2,_handleBeforeSurveySubmitHook
FNDA:4,addSurveyHooks
FNDA:4,(anonymous_13)
FNDA:4,bindToChatEvents
FNDA:4,(anonymous_15)
FNDA:7,(anonymous_16)
FNDA:1,triggerChatButtonClick
FNDA:0,getCurrentCountrySelection
FNDA:2,isSupportedLanguage
FNDA:2,getCurrentLanguageSelection
FNDA:1,getPreChatLinesIntroTranslation
FNDA:1,getPreChatLinesSuffixTranslation
FNDA:1,getPreChatLinesIntroMessages
FNDA:1,getPreChatLinesSuffixMessages
FNDA:6,closeThankyouWindow
FNDA:1,checkButtonState
FNDA:0,agentsAreAvailable
FNDA:0,agentsAreBusy
FNDA:0,agentsAreOffline
FNDA:1,startChat
FNDA:0,_toggleClass
FNDA:0,_removeClass
FNDA:1,injectLivePersonEmbeddedButtonContainer
FNDA:0,getEventLog
DA:1,1
DA:2,1
DA:3,1
DA:25,1
DA:26,1
DA:27,1
DA:52,1
DA:59,1
DA:66,1
DA:68,1
DA:70,1
DA:71,20
DA:77,1
DA:87,1
DA:88,1
DA:91,1
DA:94,1
DA:100,1
DA:101,1
DA:106,1
DA:109,1
DA:111,1
DA:113,1
DA:114,1
DA:121,1
DA:126,1
DA:127,0
DA:130,1
DA:131,4
DA:132,4
DA:135,0
DA:137,4
DA:142,1
DA:143,10
DA:144,10
DA:147,1
DA:149,5
DA:150,5
DA:152,1
DA:154,4
DA:155,4
DA:158,4
DA:159,0
DA:167,4
DA:168,4
DA:169,4
DA:170,4
DA:172,0
DA:178,1
DA:179,1
DA:180,1
DA:182,1
DA:183,1
DA:184,1
DA:193,1
DA:198,0
DA:203,1
DA:211,1
DA:216,1
DA:219,1
DA:220,0
DA:221,0
DA:225,1
DA:226,2
DA:227,2
DA:228,2
DA:234,2
DA:235,1
DA:236,1
DA:237,1
DA:239,2
DA:240,1
DA:241,1
DA:242,1
DA:245,2
DA:248,1
DA:249,4
DA:250,4
DA:251,4
DA:252,4
DA:253,4
DA:254,4
DA:255,4
DA:256,4
DA:260,0
DA:261,0
DA:262,0
DA:267,1
DA:270,4
DA:271,4
DA:272,4
DA:280,4
DA:281,3
DA:288,4
DA:299,7
DA:302,1
DA:303,1
DA:304,0
DA:310,7
DA:311,3
DA:312,3
DA:318,7
DA:319,1
DA:324,4
DA:327,4
DA:333,1
DA:335,1
DA:337,1
DA:338,1
DA:341,1
DA:342,1
DA:343,1
DA:344,1
DA:345,0
DA:348,1
DA:351,1
DA:353,1
DA:354,1
DA:357,1
DA:358,1
DA:362,0
DA:366,0
DA:372,1
DA:376,1
DA:377,2
DA:378,2
DA:379,2
DA:381,2
DA:384,1
DA:385,2
DA:386,2
DA:387,2
DA:388,2
DA:389,2
DA:390,2
DA:391,2
DA:392,2
DA:393,2
DA:394,2
DA:395,2
DA:399,2
DA:402,1
DA:403,1
DA:404,1
DA:405,1
DA:407,0
DA:411,1
DA:412,1
DA:413,1
DA:414,1
DA:416,0
DA:420,1
DA:421,1
DA:422,1
DA:425,1
DA:426,1
DA:427,1
DA:430,1
DA:431,6
DA:434,6
DA:435,0
DA:436,0
DA:443,1
DA:448,1
DA:449,1
DA:450,1
DA:452,1
DA:455,1
DA:456,0
DA:458,1
DA:459,0
DA:461,1
DA:462,0
DA:465,1
DA:466,1
DA:467,1
DA:470,1
DA:477,1
DA:480,0
DA:486,1
DA:487,0
DA:488,0
DA:489,0
DA:491,0
DA:492,0
DA:494,0
DA:495,0
DA:497,0
DA:499,0
DA:503,1
DA:504,0
DA:506,0
DA:507,0
DA:510,0
DA:515,1
DA:526,1
DA:528,1
DA:529,1
DA:530,1
DA:531,1
DA:534,1
DA:538,1
DA:543,1
DA:544,1
DA:545,0
DA:546,0
DA:552,1
DA:553,0
DA:559,1
LF:209
LH:171
BRDA:88,1,0,1
BRDA:88,1,1,0
BRDA:88,2,0,1
BRDA:88,2,1,1
BRDA:111,3,0,1
BRDA:111,3,1,0
BRDA:132,4,0,0
BRDA:132,4,1,4
BRDA:155,5,0,4
BRDA:155,5,1,0
BRDA:155,6,0,4
BRDA:155,6,1,4
BRDA:155,6,2,4
BRDA:158,7,0,0
BRDA:158,7,1,4
BRDA:167,8,0,4
BRDA:167,8,1,0
BRDA:183,9,0,1
BRDA:183,9,1,0
BRDA:193,10,0,0
BRDA:193,10,1,1
BRDA:193,11,0,1
BRDA:193,11,1,1
BRDA:203,12,0,1
BRDA:203,12,1,0
BRDA:203,13,0,1
BRDA:203,13,1,1
BRDA:203,13,2,1
BRDA:203,13,3,1
BRDA:219,14,0,0
BRDA:219,14,1,1
BRDA:234,15,0,1
BRDA:234,15,1,1
BRDA:234,16,0,2
BRDA:234,16,1,1
BRDA:239,17,0,1
BRDA:239,17,1,1
BRDA:253,18,0,4
BRDA:253,18,1,0
BRDA:253,19,0,4
BRDA:253,19,1,4
BRDA:253,19,2,4
BRDA:260,20,0,0
BRDA:260,20,1,0
BRDA:270,21,0,4
BRDA:270,21,1,0
BRDA:270,22,0,4
BRDA:270,22,1,4
BRDA:270,22,2,4
BRDA:280,23,0,3
BRDA:280,23,1,1
BRDA:280,24,0,4
BRDA:280,24,1,3
BRDA:280,24,2,3
BRDA:280,24,3,2
BRDA:280,24,4,1
BRDA:299,25,0,1
BRDA:299,25,1,6
BRDA:299,26,0,7
BRDA:299,26,1,6
BRDA:310,27,0,3
BRDA:310,27,1,4
BRDA:318,28,0,1
BRDA:318,28,1,6
BRDA:337,29,0,1
BRDA:337,29,1,0
BRDA:337,30,0,1
BRDA:337,30,1,1
BRDA:337,30,2,1
BRDA:338,31,0,1
BRDA:338,31,1,0
BRDA:338,32,0,1
BRDA:338,32,1,1
BRDA:343,33,0,1
BRDA:343,33,1,0
BRDA:345,34,0,0
BRDA:345,34,1,0
BRDA:353,35,0,1
BRDA:353,35,1,0
BRDA:357,36,0,1
BRDA:357,36,1,0
BRDA:378,37,0,2
BRDA:378,37,1,0
BRDA:385,38,0,2
BRDA:385,38,1,0
BRDA:389,39,0,2
BRDA:389,39,1,0
BRDA:389,40,0,2
BRDA:389,40,1,2
BRDA:389,40,2,2
BRDA:391,41,0,2
BRDA:391,41,1,0
BRDA:392,42,0,2
BRDA:392,42,1,0
BRDA:404,43,0,1
BRDA:404,43,1,0
BRDA:413,44,0,1
BRDA:413,44,1,0
BRDA:422,45,0,1
BRDA:422,45,1,0
BRDA:427,46,0,1
BRDA:427,46,1,0
BRDA:434,47,0,0
BRDA:434,47,1,6
BRDA:449,48,0,1
BRDA:449,48,1,0
BRDA:449,49,0,1
BRDA:449,49,1,1
BRDA:456,50,0,0
BRDA:456,50,1,0
BRDA:459,51,0,0
BRDA:459,51,1,0
BRDA:462,52,0,0
BRDA:462,52,1,0
BRDA:466,53,0,1
BRDA:466,53,1,0
BRDA:470,54,0,1
BRDA:470,54,1,0
BRDA:471,55,0,1
BRDA:471,55,1,0
BRDA:471,55,2,1
BRDA:471,55,3,0
BRDA:471,55,4,1
BRDA:488,56,0,0
BRDA:488,56,1,0
BRDA:494,57,0,0
BRDA:494,57,1,0
BRDA:506,58,0,0
BRDA:506,58,1,0
BRDA:526,59,0,1
BRDA:526,59,1,0
BRDA:543,60,0,1
BRDA:543,60,1,0
BRDA:543,61,0,1
BRDA:543,61,1,1
BRDA:543,61,2,1
BRDA:545,62,0,0
BRDA:545,62,1,0
BRDA:545,63,0,0
BRDA:545,63,1,0
BRF:140
BRH:86
end_of_record
