TN:
SF:/Users/jbeadle/www/hsbc/clients-hsbc-va-panel/libs/LivePersonVirtualAssistantModule.js
FN:1,(anonymous_1)
FN:70,_log
FN:77,checkIfButtonImpressionIsForVaPanel
FN:106,showTheLivePersonButtonInsideVaPanel
FN:126,getActiveButton
FN:130,chatWindowIsActive
FN:142,_triggerEvent
FN:147,_reset
FN:153,_init
FN:179,checkWindowStatus
FN:222,_handleBeforeSurveySubmitHook
FN:245,addSurveyHooks
FN:247,(anonymous_13)
FN:264,bindToChatEvents
FN:269,(anonymous_15)
FN:285,(anonymous_16)
FN:330,triggerChatButtonClick
FN:370,isSupportedLanguage
FN:378,getCurrentLanguageSelection
FN:396,getPreChatLinesIntroTranslation
FN:405,getPreChatLinesSuffixTranslation
FN:414,getPreChatLinesIntroMessages
FN:419,getPreChatLinesSuffixMessages
FN:424,closeThankyouWindow
FN:437,checkButtonState
FN:449,agentsAreAvailable
FN:452,agentsAreBusy
FN:455,agentsAreOffline
FN:459,startChat
FN:480,injectLivePersonEmbeddedButtonContainer
FN:517,getEventLog
FNF:31
FNH:31
FNDA:1,(anonymous_1)
FNDA:34,_log
FNDA:5,checkIfButtonImpressionIsForVaPanel
FNDA:5,showTheLivePersonButtonInsideVaPanel
FNDA:4,getActiveButton
FNDA:9,chatWindowIsActive
FNDA:15,_triggerEvent
FNDA:9,_reset
FNDA:9,_init
FNDA:1,checkWindowStatus
FNDA:2,_handleBeforeSurveySubmitHook
FNDA:8,addSurveyHooks
FNDA:7,(anonymous_13)
FNDA:8,bindToChatEvents
FNDA:4,(anonymous_15)
FNDA:7,(anonymous_16)
FNDA:1,triggerChatButtonClick
FNDA:2,isSupportedLanguage
FNDA:2,getCurrentLanguageSelection
FNDA:1,getPreChatLinesIntroTranslation
FNDA:1,getPreChatLinesSuffixTranslation
FNDA:1,getPreChatLinesIntroMessages
FNDA:1,getPreChatLinesSuffixMessages
FNDA:6,closeThankyouWindow
FNDA:13,checkButtonState
FNDA:4,agentsAreAvailable
FNDA:4,agentsAreBusy
FNDA:4,agentsAreOffline
FNDA:1,startChat
FNDA:1,injectLivePersonEmbeddedButtonContainer
FNDA:7,getEventLog
DA:1,1
DA:2,1
DA:3,1
DA:25,1
DA:26,1
DA:27,1
DA:52,1
DA:59,1
DA:66,1
DA:68,1
DA:70,1
DA:71,34
DA:77,1
DA:87,5
DA:88,5
DA:91,5
DA:94,5
DA:100,5
DA:101,5
DA:106,1
DA:109,5
DA:111,5
DA:113,5
DA:114,5
DA:121,5
DA:126,1
DA:127,4
DA:130,1
DA:131,9
DA:132,9
DA:135,1
DA:137,8
DA:142,1
DA:143,15
DA:144,15
DA:147,1
DA:149,9
DA:150,9
DA:151,9
DA:153,1
DA:156,9
DA:159,9
DA:160,1
DA:168,9
DA:169,8
DA:170,8
DA:171,8
DA:173,1
DA:179,1
DA:180,1
DA:181,1
DA:183,1
DA:184,1
DA:185,1
DA:194,1
DA:198,0
DA:203,1
DA:208,1
DA:213,1
DA:216,1
DA:217,0
DA:218,0
DA:222,1
DA:223,2
DA:224,2
DA:225,2
DA:231,2
DA:232,1
DA:233,1
DA:234,1
DA:236,2
DA:237,1
DA:238,1
DA:239,1
DA:242,2
DA:245,1
DA:246,8
DA:247,8
DA:248,7
DA:249,7
DA:250,7
DA:251,7
DA:252,7
DA:253,7
DA:257,0
DA:258,0
DA:259,0
DA:264,1
DA:267,8
DA:268,8
DA:269,8
DA:277,4
DA:278,3
DA:285,8
DA:296,7
DA:299,1
DA:300,1
DA:301,0
DA:307,7
DA:308,3
DA:309,3
DA:315,7
DA:316,1
DA:321,8
DA:324,8
DA:330,1
DA:332,1
DA:334,1
DA:335,1
DA:338,1
DA:339,1
DA:340,1
DA:341,1
DA:342,0
DA:345,1
DA:348,1
DA:350,1
DA:351,1
DA:354,1
DA:355,1
DA:359,0
DA:363,0
DA:370,1
DA:371,2
DA:372,2
DA:373,2
DA:375,2
DA:378,1
DA:379,2
DA:380,2
DA:381,2
DA:382,2
DA:383,2
DA:384,2
DA:385,2
DA:386,2
DA:387,2
DA:388,2
DA:389,2
DA:393,2
DA:396,1
DA:397,1
DA:398,1
DA:399,1
DA:401,0
DA:405,1
DA:406,1
DA:407,1
DA:408,1
DA:410,0
DA:414,1
DA:415,1
DA:416,1
DA:419,1
DA:420,1
DA:421,1
DA:424,1
DA:425,6
DA:428,6
DA:429,0
DA:430,0
DA:437,1
DA:442,13
DA:443,13
DA:444,10
DA:446,13
DA:449,1
DA:450,4
DA:452,1
DA:453,4
DA:455,1
DA:456,4
DA:459,1
DA:460,1
DA:461,1
DA:464,1
DA:469,1
DA:475,0
DA:480,1
DA:491,1
DA:493,1
DA:494,1
DA:495,1
DA:496,1
DA:499,1
DA:503,1
DA:508,1
DA:509,1
DA:510,0
DA:511,0
DA:517,1
DA:518,7
DA:524,1
LF:193
LH:176
BRDA:88,1,0,5
BRDA:88,1,1,0
BRDA:88,2,0,5
BRDA:88,2,1,5
BRDA:111,3,0,5
BRDA:111,3,1,0
BRDA:132,4,0,1
BRDA:132,4,1,8
BRDA:156,5,0,9
BRDA:156,5,1,0
BRDA:156,6,0,9
BRDA:156,6,1,9
BRDA:156,6,2,9
BRDA:159,7,0,1
BRDA:159,7,1,8
BRDA:168,8,0,8
BRDA:168,8,1,1
BRDA:184,9,0,1
BRDA:184,9,1,0
BRDA:194,10,0,0
BRDA:194,10,1,1
BRDA:194,11,0,1
BRDA:194,11,1,1
BRDA:203,12,0,1
BRDA:203,12,1,0
BRDA:203,13,0,1
BRDA:203,13,1,1
BRDA:203,13,2,1
BRDA:203,13,3,1
BRDA:216,14,0,0
BRDA:216,14,1,1
BRDA:231,15,0,1
BRDA:231,15,1,1
BRDA:231,16,0,2
BRDA:231,16,1,1
BRDA:236,17,0,1
BRDA:236,17,1,1
BRDA:250,18,0,7
BRDA:250,18,1,0
BRDA:250,19,0,7
BRDA:250,19,1,7
BRDA:250,19,2,7
BRDA:257,20,0,0
BRDA:257,20,1,0
BRDA:267,21,0,8
BRDA:267,21,1,0
BRDA:267,22,0,8
BRDA:267,22,1,8
BRDA:267,22,2,8
BRDA:277,23,0,3
BRDA:277,23,1,1
BRDA:277,24,0,4
BRDA:277,24,1,3
BRDA:277,24,2,3
BRDA:277,24,3,2
BRDA:277,24,4,1
BRDA:296,25,0,1
BRDA:296,25,1,6
BRDA:296,26,0,7
BRDA:296,26,1,6
BRDA:307,27,0,3
BRDA:307,27,1,4
BRDA:315,28,0,1
BRDA:315,28,1,6
BRDA:334,29,0,1
BRDA:334,29,1,0
BRDA:334,30,0,1
BRDA:334,30,1,1
BRDA:334,30,2,1
BRDA:335,31,0,1
BRDA:335,31,1,0
BRDA:335,32,0,1
BRDA:335,32,1,1
BRDA:340,33,0,1
BRDA:340,33,1,0
BRDA:342,34,0,0
BRDA:342,34,1,0
BRDA:350,35,0,1
BRDA:350,35,1,0
BRDA:354,36,0,1
BRDA:354,36,1,0
BRDA:372,37,0,2
BRDA:372,37,1,0
BRDA:379,38,0,2
BRDA:379,38,1,0
BRDA:383,39,0,2
BRDA:383,39,1,0
BRDA:383,40,0,2
BRDA:383,40,1,2
BRDA:383,40,2,2
BRDA:385,41,0,2
BRDA:385,41,1,0
BRDA:386,42,0,2
BRDA:386,42,1,0
BRDA:398,43,0,1
BRDA:398,43,1,0
BRDA:407,44,0,1
BRDA:407,44,1,0
BRDA:416,45,0,1
BRDA:416,45,1,0
BRDA:421,46,0,1
BRDA:421,46,1,0
BRDA:428,47,0,0
BRDA:428,47,1,6
BRDA:443,48,0,10
BRDA:443,48,1,3
BRDA:443,49,0,13
BRDA:443,49,1,10
BRDA:443,49,2,10
BRDA:450,50,0,1
BRDA:450,50,1,3
BRDA:453,51,0,1
BRDA:453,51,1,3
BRDA:456,52,0,1
BRDA:456,52,1,3
BRDA:460,53,0,1
BRDA:460,53,1,0
BRDA:464,54,0,1
BRDA:464,54,1,0
BRDA:465,55,0,1
BRDA:465,55,1,0
BRDA:465,55,2,1
BRDA:465,55,3,0
BRDA:465,55,4,1
BRDA:491,56,0,1
BRDA:491,56,1,0
BRDA:508,57,0,1
BRDA:508,57,1,0
BRDA:508,58,0,1
BRDA:508,58,1,1
BRDA:508,58,2,1
BRDA:510,59,0,0
BRDA:510,59,1,0
BRDA:510,60,0,0
BRDA:510,60,1,0
BRF:135
BRH:97
end_of_record
